\BOOKMARK [1][-]{section.1}{\376\377\230\230\166\356\213\364\146\016}{}% 1
\BOOKMARK [1][-]{section.2}{\376\377\200\314\146\157\116\313\176\315}{}% 2
\BOOKMARK [1][-]{section.3}{\376\377\225\356\230\230\122\006\147\220}{}% 3
\BOOKMARK [1][-]{section.4}{\376\377\121\170\127\213\145\271\154\325}{}% 4
\BOOKMARK [1][-]{section.5}{\376\377\145\160\143\156\226\306\116\313\176\315}{}% 5
\BOOKMARK [1][-]{section.6}{\376\377\211\343\121\263\145\271\154\325}{}% 6
\BOOKMARK [2][-]{subsection.6.1}{\376\377\117\040\176\337\147\072\126\150\133\146\116\140\377\010\226\306\142\020\133\146\116\140\377\011\152\041\127\213}{section.6}% 7
\BOOKMARK [3][-]{subsubsection.6.1.1}{\376\377\213\276\213\241\140\035\215\357}{subsection.6.1}% 8
\BOOKMARK [3][-]{subsubsection.6.1.2}{\376\377\173\227\154\325\155\101\172\013}{subsection.6.1}% 9
\BOOKMARK [3][-]{subsubsection.6.1.3}{\376\377\214\003\145\164\116\016\145\071\217\333}{subsection.6.1}% 10
\BOOKMARK [3][-]{subsubsection.6.1.4}{\376\377\133\371\225\356\230\230\124\214\152\041\127\213\166\204\164\006\211\343}{subsection.6.1}% 11
\BOOKMARK [2][-]{subsection.6.2}{\376\377\000L\000S\000T\000M\152\041\127\213}{section.6}% 12
\BOOKMARK [3][-]{subsubsection.6.2.1}{\376\377\152\041\127\213\173\200\116\313}{subsection.6.2}% 13
\BOOKMARK [3][-]{subsubsection.6.2.2}{\376\377\213\276\213\241\140\035\215\357}{subsection.6.2}% 14
\BOOKMARK [3][-]{subsubsection.6.2.3}{\376\377\117\030\123\026\124\214\145\071\217\333}{subsection.6.2}% 15
\BOOKMARK [2][-]{subsection.6.3}{\376\377\000T\000r\000a\000n\000s\000f\000o\000r\000m\000e\000r\000\137\000B\000a\000s\000e\000d\152\041\127\213}{section.6}% 16
\BOOKMARK [3][-]{subsubsection.6.3.1}{\376\377\152\041\127\213\173\200\116\313}{subsection.6.3}% 17
\BOOKMARK [3][-]{subsubsection.6.3.2}{\376\377\000T\000r\000a\000n\000s\000f\000o\000r\000m\000e\000r\177\026\170\001\126\150\134\102\173\200\116\313}{subsection.6.3}% 18
\BOOKMARK [3][-]{subsubsection.6.3.3}{\376\377\136\372\152\041\116\016\145\071\217\333\217\307\172\013}{subsection.6.3}% 19
\BOOKMARK [3][-]{subsubsection.6.3.4}{\376\377\147\000\176\310\136\372\152\041}{subsection.6.3}% 20
\BOOKMARK [3][-]{subsubsection.6.3.5}{\376\377\133\371\225\356\230\230\166\204\213\244\213\306\116\016\140\035\200\003}{subsection.6.3}% 21
\BOOKMARK [1][-]{section.7}{\376\377\133\236\232\214\176\323\147\234}{}% 22
\BOOKMARK [2][-]{subsection.7.1}{\376\377\117\040\176\337\147\072\126\150\133\146\116\140\377\010\226\306\142\020\133\146\116\140\377\011\152\041\127\213}{section.7}% 23
\BOOKMARK [3][-]{subsubsection.7.1.1}{\376\377\213\255\176\303\176\323\147\234}{subsection.7.1}% 24
\BOOKMARK [3][-]{subsubsection.7.1.2}{\376\377\176\323\147\234\122\006\147\220}{subsection.7.1}% 25
\BOOKMARK [2][-]{subsection.7.2}{\376\377\000L\000S\000T\000M}{section.7}% 26
\BOOKMARK [3][-]{subsubsection.7.2.1}{\376\377\213\255\176\303\176\323\147\234}{subsection.7.2}% 27
\BOOKMARK [3][-]{subsubsection.7.2.2}{\376\377\176\323\147\234\122\006\147\220}{subsection.7.2}% 28
\BOOKMARK [2][-]{subsection.7.3}{\376\377\000T\000r\000a\000n\000s\000f\000o\000r\000m\000e\000r\000\137\000B\000a\000s\000e\000d\152\041\127\213}{section.7}% 29
\BOOKMARK [3][-]{subsubsection.7.3.1}{\376\377\213\255\176\303\176\323\147\234}{subsection.7.3}% 30
\BOOKMARK [1][-]{section.8}{\376\377\142\020\124\130\122\006\135\345}{}% 31
\BOOKMARK [1][-]{section.9}{\376\377\123\302\200\003\145\207\163\056}{}% 32
